<?xml version="1.0" encoding="UTF-8"?>
<!-- Generated by org.testng.reporters.JUnitXMLReporter -->
<testsuite ignored="33" hostname="DESKTOP-692KJGU" failures="0" tests="1" name="Default test" time="2.273" errors="0" timestamp="2022-11-19T12:56:20 IST">
  <testcase classname="automation.spotify.Api" name="search" time="2.241"/>
  <testcase classname="automation.spotify.Api" name="getArtistsAlbums" time="0.0">
    <ignored/>
  </testcase> <!-- getArtistsAlbums -->
  <testcase classname="automation.spotify.Api" name="getChapter" time="0.0">
    <ignored/>
  </testcase> <!-- getChapter -->
  <testcase classname="automation.spotify.Api" name="checkIfUsersFollowPlaylist" time="0.0">
    <ignored/>
  </testcase> <!-- checkIfUsersFollowPlaylist -->
  <testcase classname="automation.spotify.Api" name="getUserProfile" time="0.0">
    <ignored/>
  </testcase> <!-- getUserProfile -->
  <testcase classname="automation.spotify.Api" name="checkUsersSavedAlbums" time="0.0">
    <ignored/>
  </testcase> <!-- checkUsersSavedAlbums -->
  <testcase classname="automation.spotify.Api" name="getAlbumTracks" time="0.0">
    <ignored/>
  </testcase> <!-- getAlbumTracks -->
  <testcase classname="automation.spotify.Api" name="getUsersSavedAlbums" time="0.0">
    <ignored/>
  </testcase> <!-- getUsersSavedAlbums -->
  <testcase classname="automation.spotify.Api" name="getUsersSavedEpisodes" time="0.0">
    <ignored/>
  </testcase> <!-- getUsersSavedEpisodes -->
  <testcase classname="automation.spotify.Api" name="getParticularPlaylist" time="0.0">
    <ignored/>
  </testcase> <!-- getParticularPlaylist -->
  <testcase classname="automation.spotify.Api" name="SaveTracksForCurrentUser" time="0.0">
    <ignored/>
  </testcase> <!-- SaveTracksForCurrentUser -->
  <testcase classname="automation.spotify.Api" name="getUsersTopItems" time="0.0">
    <ignored/>
  </testcase> <!-- getUsersTopItems -->
  <testcase classname="automation.spotify.Api" name="getAvailableMarkets" time="0.0">
    <ignored/>
  </testcase> <!-- getAvailableMarkets -->
  <testcase classname="automation.spotify.Api" name="getSeveralArtists" time="0.0">
    <ignored/>
  </testcase> <!-- getSeveralArtists -->
  <testcase classname="automation.spotify.Api" name="getAlbum" time="0.0">
    <ignored/>
  </testcase> <!-- getAlbum -->
  <testcase classname="automation.spotify.Api" name="getUsersSavedShows" time="0.0">
    <ignored/>
  </testcase> <!-- getUsersSavedShows -->
  <testcase classname="automation.spotify.Api" name="getArtist" time="0.0">
    <ignored/>
  </testcase> <!-- getArtist -->
  <testcase classname="automation.spotify.Api" name="removeUsersSavedAlbums" time="0.0">
    <ignored/>
  </testcase> <!-- removeUsersSavedAlbums -->
  <testcase classname="automation.spotify.Api" name="getSeveralAlbums" time="0.0">
    <ignored/>
  </testcase> <!-- getSeveralAlbums -->
  <testcase classname="automation.spotify.Api" name="getSeveralEpisodes" time="0.0">
    <ignored/>
  </testcase> <!-- getSeveralEpisodes -->
  <testcase classname="automation.spotify.Api" name="getFollowedArtists" time="0.0">
    <ignored/>
  </testcase> <!-- getFollowedArtists -->
  <testcase classname="automation.spotify.Api" name="GetPlaylistItems" time="0.0">
    <ignored/>
  </testcase> <!-- GetPlaylistItems -->
  <testcase classname="automation.spotify.Api" name="followArtistsORUsers" time="0.0">
    <ignored/>
  </testcase> <!-- followArtistsORUsers -->
  <testcase classname="automation.spotify.Api" name="getUsersSavedTracks" time="0.0">
    <ignored/>
  </testcase> <!-- getUsersSavedTracks -->
  <testcase classname="automation.spotify.Api" name="getUsersPlaylists" time="0.0">
    <ignored/>
  </testcase> <!-- getUsersPlaylists -->
  <testcase classname="automation.spotify.Api" name="updateAlbumsForCurrentUser" time="0.0">
    <ignored/>
  </testcase> <!-- updateAlbumsForCurrentUser -->
  <testcase classname="automation.spotify.Api" name="createPlaylists" time="0.0">
    <ignored/>
  </testcase> <!-- createPlaylists -->
  <testcase classname="automation.spotify.Api" name="SearchForItem" time="0.0">
    <ignored/>
  </testcase> <!-- SearchForItem -->
  <testcase classname="automation.spotify.Api" name="getParticularProfile" time="0.0">
    <ignored/>
  </testcase> <!-- getParticularProfile -->
  <testcase classname="automation.spotify.Api" name="getCurrentUsersPlaylists" time="0.0">
    <ignored/>
  </testcase> <!-- getCurrentUsersPlaylists -->
  <testcase classname="automation.spotify.Api" name="getEpisode" time="0.0">
    <ignored/>
  </testcase> <!-- getEpisode -->
  <testcase classname="automation.spotify.Api" name="ChangePlaylistDetails" time="0.0">
    <ignored/>
  </testcase> <!-- ChangePlaylistDetails -->
  <testcase classname="automation.spotify.Api" name="AddItemstoPlaylist" time="0.0">
    <ignored/>
  </testcase> <!-- AddItemstoPlaylist -->
  <testcase classname="automation.spotify.Api" name="getSeveralChapters" time="0.0">
    <ignored/>
  </testcase> <!-- getSeveralChapters -->
</testsuite> <!-- Default test -->
