<?xml version="1.0" encoding="UTF-8"?>
<testng-results ignored="33" total="34" passed="1" failed="0" skipped="0">
  <reporter-output>
  </reporter-output>
  <suite started-at="2022-11-19T12:56:18 IST" name="Default suite" finished-at="2022-11-19T12:56:20 IST" duration-ms="2273">
    <groups>
    </groups>
    <test started-at="2022-11-19T12:56:18 IST" name="Default test" finished-at="2022-11-19T12:56:20 IST" duration-ms="2273">
      <class name="automation.spotify.Api">
        <test-method signature="search()[pri:0, instance:automation.spotify.Api@659a969b]" started-at="2022-11-19T12:56:18 IST" name="search" finished-at="2022-11-19T12:56:20 IST" duration-ms="2241" status="PASS">
          <reporter-output>
          </reporter-output>
        </test-method> <!-- search -->
      </class> <!-- automation.spotify.Api -->
    </test> <!-- Default test -->
  </suite> <!-- Default suite -->
</testng-results>
